{
  "RSpec": {
    "coverage": {
      "/Users/kashifatcha/Projects/bookmark-manager/spec/bookmark_spec.rb": {
        "lines": [
          1,
          null,
          1,
          1,
          1,
          1,
          null,
          1,
          1,
          1,
          null,
          null,
          null,
          1,
          1,
          1,
          null,
          1,
          1,
          1,
          null,
          null,
          null
        ]
      },
      "/Users/kashifatcha/Projects/bookmark-manager/spec/features/viewing_bookmarks_spec.rb": {
        "lines": [
          1,
          1,
          1,
          1,
          null,
          null,
          1,
          1,
          null,
          1,
          1,
          1,
          null,
          null,
          null
        ]
      }
    },
    "timestamp": 1642607593
  }
}
